<?xml version="1.0" encoding="UTF-8"?>
<testng-results ignored="0" total="1" passed="1" failed="0" skipped="0">
  <reporter-output>
  </reporter-output>
  <suite started-at="2025-04-28T11:21:02 IST" name="Suite" finished-at="2025-04-28T11:22:03 IST" duration-ms="60750">
    <groups>
    </groups>
    <test started-at="2025-04-28T11:21:02 IST" name="Test" finished-at="2025-04-28T11:22:03 IST" duration-ms="60750">
      <class name="testCases.TC01_BankMaster">
        <test-method is-config="true" signature="setup()[pri:0, instance:testCases.TC01_BankMaster@7e6f74c]" started-at="2025-04-28T11:21:02 IST" name="setup" finished-at="2025-04-28T11:21:38 IST" duration-ms="36050" status="PASS">
          <reporter-output>
          </reporter-output>
        </test-method> <!-- setup -->
        <test-method signature="CreateBankMaster()[pri:0, instance:testCases.TC01_BankMaster@7e6f74c]" started-at="2025-04-28T11:21:38 IST" name="CreateBankMaster" finished-at="2025-04-28T11:21:53 IST" duration-ms="14455" status="PASS">
          <reporter-output>
          </reporter-output>
        </test-method> <!-- CreateBankMaster -->
        <test-method is-config="true" signature="teardown()[pri:0, instance:testCases.TC01_BankMaster@7e6f74c]" started-at="2025-04-28T11:21:53 IST" name="teardown" finished-at="2025-04-28T11:22:03 IST" duration-ms="10044" status="PASS">
          <reporter-output>
          </reporter-output>
        </test-method> <!-- teardown -->
      </class> <!-- testCases.TC01_BankMaster -->
    </test> <!-- Test -->
  </suite> <!-- Suite -->
</testng-results>
