<?xml version="1.0" encoding="UTF-8"?>
<testng-results ignored="0" total="1" passed="1" failed="0" skipped="0">
  <reporter-output>
  </reporter-output>
  <suite started-at="2025-04-08T11:11:59 IST" name="Default suite" finished-at="2025-04-08T11:12:14 IST" duration-ms="15223">
    <groups>
    </groups>
    <test started-at="2025-04-08T11:11:59 IST" name="Default test" finished-at="2025-04-08T11:12:14 IST" duration-ms="15223">
      <class name="testCases.TC02_RetailProposal">
        <test-method is-config="true" signature="setup()[pri:0, instance:testCases.TC02_RetailProposal@10d68fcd]" started-at="2025-04-08T11:11:59 IST" name="setup" finished-at="2025-04-08T11:12:08 IST" duration-ms="8998" status="PASS">
          <reporter-output>
          </reporter-output>
        </test-method> <!-- setup -->
        <test-method signature="CreateRetailProposal()[pri:0, instance:testCases.TC02_RetailProposal@10d68fcd]" started-at="2025-04-08T11:12:08 IST" name="CreateRetailProposal" finished-at="2025-04-08T11:12:14 IST" duration-ms="5826" status="PASS">
          <reporter-output>
          </reporter-output>
        </test-method> <!-- CreateRetailProposal -->
        <test-method is-config="true" signature="teardown()[pri:0, instance:testCases.TC02_RetailProposal@10d68fcd]" started-at="2025-04-08T11:12:14 IST" name="teardown" finished-at="2025-04-08T11:12:14 IST" duration-ms="319" status="PASS">
          <reporter-output>
          </reporter-output>
        </test-method> <!-- teardown -->
      </class> <!-- testCases.TC02_RetailProposal -->
    </test> <!-- Default test -->
  </suite> <!-- Default suite -->
</testng-results>
